<?xml version="1.0" encoding="UTF-8"?>
<!-- Generated by org.testng.reporters.JUnitReportReporter -->
<testsuite hostname="DESKTOP-EPJ72US" failures="0" tests="1" name="com.talech.testcases.ProductNavigation" time="0.000" errors="0" timestamp="2020-09-09T12:13:43 BST" skipped="1">
  <testcase classname="com.talech.testcases.ProductNavigation" name="productTest" time="0.000">
    <skipped/>
  </testcase> <!-- productTest -->
  <system-out/>
</testsuite> <!-- com.talech.testcases.ProductNavigation -->
